<?xml version="1.0" encoding="utf-8"?><testsuites name="pytest tests"><testsuite name="pytest" errors="0" failures="0" skipped="0" tests="13" time="4.682" timestamp="2026-08-05T20:27:53.452665+00:00" hostname="agent-env-95dfb424-a1de-4c07-8d94-3d97c7fac89a"><testcase classname="tests.test_admin_panel.TestAdminAccess" name="test_stats" time="0.650" /><testcase classname="tests.test_admin_panel.TestNonAdminGuard" name="test_non_admin_stats_403" time="0.649" /><testcase classname="tests.test_admin_panel.TestNonAdminGuard" name="test_non_admin_users_403" time="0.079" /><testcase classname="tests.test_admin_panel.TestAdminAccess" name="test_users_list_has_suspended_field" time="0.117" /><testcase classname="tests.test_admin_panel.TestNonAdminGuard" name="test_non_admin_orgs_403" time="0.082" /><testcase classname="tests.test_admin_panel.TestAdminAccess" name="test_orgs_list" time="0.340" /><testcase classname="tests.test_admin_panel.TestUserSuspension" name="test_suspend_and_login_blocked_then_reactivate" time="2.354" /><testcase classname="tests.test_admin_panel.TestUserDelete" name="test_delete_removes_user" time="0.988" /><testcase classname="tests.test_admin_panel.TestUserDelete" name="test_admin_cannot_delete_self" time="0.314" /><testcase classname="tests.test_admin_panel.TestOrgCredits" name="test_org_set_add_deduct_plan" time="1.356" /><testcase classname="tests.test_admin_panel.TestUserSuspension" name="test_admin_cannot_suspend_self" time="0.167" /><testcase classname="tests.test_admin_panel.TestRoleChange" name="test_role_change_and_admin_cannot_demote_self" time="0.867" /><testcase classname="tests.test_admin_panel.TestGrantAll" name="test_grant_all_positive_then_deduct" time="0.581" /></testsuite></testsuites>