<?xml version="1.0" encoding="utf-8"?><testsuites name="pytest tests"><testsuite name="pytest" errors="0" failures="0" skipped="0" tests="6" time="4.468" timestamp="2026-08-05T20:38:39.087318+00:00" hostname="agent-env-95dfb424-a1de-4c07-8d94-3d97c7fac89a"><testcase classname="tests.test_admin_v2.TestDeleteCleanupCascade" name="test_delete_user_removes_owned_org_and_memberships" time="1.308" /><testcase classname="tests.test_admin_v2.TestDeleteCleanupCascade" name="test_admin_cannot_delete_self" time="0.197" /><testcase classname="tests.test_admin_v2.TestAdminActivityLog" name="test_non_admin_403" time="0.510" /><testcase classname="tests.test_admin_v2.TestAdminActivityLog" name="test_activity_records_all_action_types" time="1.195" /><testcase classname="tests.test_admin_v2.TestMonthlyReset" name="test_non_admin_403" time="0.378" /><testcase classname="tests.test_admin_v2.TestMonthlyReset" name="test_reset_refills_to_plan_allowance" time="0.816" /></testsuite></testsuites>