<?xml version="1.0" encoding="utf-8"?><testsuites name="pytest tests"><testsuite name="pytest" errors="0" failures="0" skipped="0" tests="5" time="2.919" timestamp="2026-08-05T19:49:16.243093+00:00" hostname="agent-env-95dfb424-a1de-4c07-8d94-3d97c7fac89a"><testcase classname="tests.test_billing.TestBillingPlans" name="test_list_plans_returns_three" time="0.265" /><testcase classname="tests.test_billing.TestBillingCheckout" name="test_checkout_creates_stripe_session" time="1.561" /><testcase classname="tests.test_billing.TestBillingCheckout" name="test_status_pending_before_payment" time="0.284" /><testcase classname="tests.test_billing.TestBillingCheckout" name="test_checkout_rejects_unknown_lookup" time="0.662" /><testcase classname="tests.test_billing.TestBillingCheckout" name="test_status_404_for_unknown_session" time="0.095" /></testsuite></testsuites>