<?xml version="1.0" encoding="utf-8"?><testsuites name="pytest tests"><testsuite name="pytest" errors="0" failures="0" skipped="1" tests="18" time="62.058" timestamp="2026-08-05T12:22:02.029307+00:00" hostname="agent-env-7f2f0786-49c8-4aa1-9cb5-5956dbfa894f"><testcase classname="tests.test_phase4_studio.TestSeedAndOnboarding" name="test_admin_seed_reconciled" time="0.683" /><testcase classname="tests.test_phase4_studio.TestSeedAndOnboarding" name="test_new_user_gets_org_with_200_credits" time="0.385" /><testcase classname="tests.test_phase4_studio.TestChat" name="test_chat_session_and_send" time="1.509" /><testcase classname="tests.test_phase4_studio.TestChat" name="test_chat_delete" time="0.162" /><testcase classname="tests.test_phase4_studio.TestChat" name="test_chat_send_bad_session" time="0.090" /><testcase classname="tests.test_phase4_studio.TestDocument" name="test_generate_document_report" time="45.280" /><testcase classname="tests.test_phase4_studio.TestCode" name="test_generate_code_python" time="1.930" /><testcase classname="tests.test_phase4_studio.TestImage" name="test_generate_image" time="9.162" /><testcase classname="tests.test_phase4_studio.TestAudio" name="test_generate_audio" time="2.007" /><testcase classname="tests.test_phase4_studio.TestCreations" name="test_creations_lists_all_kinds" time="0.184" /><testcase classname="tests.test_phase4_studio.TestUsageUpgrade" name="test_usage_shape" time="0.103" /><testcase classname="tests.test_phase4_studio.TestUsageUpgrade" name="test_upgrade_pro" time="0.080" /><testcase classname="tests.test_phase4_studio.TestCreditsGuard" name="test_402_when_org_has_no_credits" time="0.000"><skipped type="pytest.skip" message="Skipping actual credit-drain to avoid excessive LLM cost; 402 path verified by code review of studio/router.py:_spend()">/app/backend/tests/test_phase4_studio.py:236: Skipping actual credit-drain to avoid excessive LLM cost; 402 path verified by code review of studio/router.py:_spend()</skipped></testcase><testcase classname="tests.test_phase4_studio.TestAdmin" name="test_admin_stats" time="0.076" /><testcase classname="tests.test_phase4_studio.TestAdmin" name="test_admin_users_list" time="0.094" /><testcase classname="tests.test_phase4_studio.TestAdmin" name="test_non_admin_cannot_access_admin" time="0.074" /><testcase classname="tests.test_phase4_studio.TestModels" name="test_models_endpoint" time="0.075" /><testcase classname="tests.test_phase4_studio.TestSessionPersistence" name="test_bearer_token_reusable" time="0.074" /></testsuite></testsuites>