<?xml version="1.0" encoding="utf-8"?><testsuites name="pytest tests"><testsuite name="pytest" errors="0" failures="0" skipped="0" tests="21" time="4.873" timestamp="2026-08-05T12:01:40.707563+00:00" hostname="agent-env-7f2f0786-49c8-4aa1-9cb5-5956dbfa894f"><testcase classname="tests.test_phase23.TestHealthAuth" name="test_health" time="0.521" /><testcase classname="tests.test_phase23.TestOrgs" name="test_list_orgs" time="0.632" /><testcase classname="tests.test_phase23.TestOrgs" name="test_get_org" time="0.082" /><testcase classname="tests.test_phase23.TestHealthAuth" name="test_register_creates_personal_org" time="0.683" /><testcase classname="tests.test_phase23.TestHealthAuth" name="test_login_admin" time="0.373" /><testcase classname="tests.test_phase23.TestOrgs" name="test_non_member_forbidden" time="0.571" /><testcase classname="tests.test_phase23.TestOrgs" name="test_add_member_nonexistent_email" time="0.248" /><testcase classname="tests.test_phase23.TestOrgs" name="test_add_member_success" time="0.363" /><testcase classname="tests.test_phase23.TestHealthAuth" name="test_login_bad_password" time="0.317" /><testcase classname="tests.test_phase23.TestHealthAuth" name="test_me_bearer" time="0.081" /><testcase classname="tests.test_phase23.TestOrgs" name="test_create_team" time="0.129" /><testcase classname="tests.test_phase23.TestHealthAuth" name="test_me_no_auth_401" time="0.126" /><testcase classname="tests.test_phase23.TestOrgs" name="test_list_members" time="0.081" /><testcase classname="tests.test_phase23.TestHealthAuth" name="test_duplicate_register" time="0.145" /><testcase classname="tests.test_phase23.TestProjects" name="test_create_and_list" time="0.201" /><testcase classname="tests.test_phase23.TestHealthAuth" name="test_oauth_invalid_session" time="0.326" /><testcase classname="tests.test_phase23.TestProjects" name="test_get_project" time="0.225" /><testcase classname="tests.test_phase23.TestFilesVersions" name="test_upload_v1_then_v2_same_name" time="1.502" /><testcase classname="tests.test_phase23.TestApiKeysRBAC" name="test_create_apikey_and_use" time="1.157" /><testcase classname="tests.test_phase23.TestApiKeysRBAC" name="test_non_member_cannot_read_projects" time="0.588" /><testcase classname="tests.test_phase23.TestArtifacts" name="test_create_and_list" time="0.291" /></testsuite></testsuites>