<?xml version="1.0" encoding="utf-8"?><testsuites name="pytest tests"><testsuite name="pytest" errors="0" failures="0" skipped="0" tests="5" time="14.554" timestamp="2026-08-05T17:25:57.837263+00:00" hostname="agent-env-b6bae3e7-705d-4fae-9451-4717d6c76384"><testcase classname="tests.test_phase7_agents_memory_security.TestMemory" name="test_add_list_search_delete" time="1.179" /><testcase classname="tests.test_phase7_agents_memory_security.TestAgents" name="test_crud_and_run" time="2.025" /><testcase classname="tests.test_phase7_agents_memory_security.TestAgents" name="test_team_run" time="10.467" /><testcase classname="tests.test_phase7_agents_memory_security.TestSecurity" name="test_admin_overview_and_logs" time="0.358" /><testcase classname="tests.test_phase7_agents_memory_security.TestSecurity" name="test_non_admin_blocked" time="0.478" /></testsuite></testsuites>