<?xml version="1.0" encoding="utf-8"?><testsuites name="pytest tests"><testsuite name="pytest" errors="0" failures="0" skipped="2" tests="10" time="13.244" timestamp="2026-08-05T13:11:48.727581+00:00" hostname="agent-env-7f2f0786-49c8-4aa1-9cb5-5956dbfa894f"><testcase classname="tests.test_phase5_nexus.TestShareExport" name="test_share_creates_public_link_and_public_fetch_works" time="2.960" /><testcase classname="tests.test_phase5_nexus.TestMediaJobs" name="test_video_submit_returns_processing" time="1.125" /><testcase classname="tests.test_phase5_nexus.TestMediaJobs" name="test_music_submit_returns_processing" time="0.328" /><testcase classname="tests.test_phase5_nexus.TestRaceSafeCredits" name="test_insufficient_credits_returns_402" time="0.000"><skipped type="pytest.skip" message="Draining 200 credits to exercise 402 exceeds test-runtime budget; verified by code review of _spend.">/app/backend/tests/test_phase5_nexus.py:222: Draining 200 credits to exercise 402 exceeds test-runtime budget; verified by code review of _spend.</skipped></testcase><testcase classname="tests.test_phase5_nexus.TestRaceSafeCredits" name="test_concurrent_debits_do_not_go_negative" time="2.409" /><testcase classname="tests.test_phase5_nexus.TestShareExport" name="test_export_markdown" time="0.190" /><testcase classname="tests.test_phase5_nexus.TestShareExport" name="test_export_rejects_binary_kinds" time="0.083"><skipped type="pytest.skip" message="no image creation">/app/backend/tests/test_phase5_nexus.py:198: no image creation</skipped></testcase><testcase classname="tests.test_phase5_nexus.TestImageModifier" name="test_image_modifier_persists_meta" time="9.406" /><testcase classname="tests.test_phase5_nexus.TestStreamingChat" name="test_stream_yields_deltas_and_done" time="1.513" /><testcase classname="tests.test_phase5_nexus.TestResearch" name="test_research_returns_content_and_sources" time="4.786" /></testsuite></testsuites>