<?xml version="1.0" encoding="utf-8"?><testsuites name="pytest tests"><testsuite name="pytest" errors="0" failures="0" skipped="1" tests="20" time="18.962" timestamp="2026-08-05T11:26:41.291191+00:00" hostname="agent-env-7f2f0786-49c8-4aa1-9cb5-5956dbfa894f"><testcase classname="tests.ai_platform_test.TestAuth" name="test_root" time="0.179" /><testcase classname="tests.ai_platform_test.TestAuth" name="test_register_new_user_gives_100_credits" time="0.331" /><testcase classname="tests.ai_platform_test.TestAuth" name="test_register_duplicate_email_fails" time="0.389" /><testcase classname="tests.ai_platform_test.TestAuth" name="test_admin_login" time="0.418" /><testcase classname="tests.ai_platform_test.TestAuth" name="test_login_wrong_password" time="0.332" /><testcase classname="tests.ai_platform_test.TestAuth" name="test_me_without_auth_401" time="0.082" /><testcase classname="tests.ai_platform_test.TestChat" name="test_create_session_and_send_message" time="1.284" /><testcase classname="tests.ai_platform_test.TestChat" name="test_send_to_non_existent_session" time="0.034" /><testcase classname="tests.ai_platform_test.TestChat" name="test_delete_session" time="0.070" /><testcase classname="tests.ai_platform_test.TestText" name="test_text_article" time="3.144" /><testcase classname="tests.ai_platform_test.TestText" name="test_text_summarize" time="1.312" /><testcase classname="tests.ai_platform_test.TestImage" name="test_image_generate" time="9.415" /><testcase classname="tests.ai_platform_test.TestHistory" name="test_history_after_text_and_image" time="0.217" /><testcase classname="tests.ai_platform_test.TestHistory" name="test_history_delete" time="0.298" /><testcase classname="tests.ai_platform_test.TestUsage" name="test_usage_returns_counts" time="0.036" /><testcase classname="tests.ai_platform_test.TestAccount" name="test_update_profile" time="0.150" /><testcase classname="tests.ai_platform_test.TestAccount" name="test_change_password_wrong_current" time="0.294" /><testcase classname="tests.ai_platform_test.TestAccount" name="test_change_password_success" time="0.835" /><testcase classname="tests.ai_platform_test.TestAccount" name="test_upgrade_to_pro" time="0.075" /><testcase classname="tests.ai_platform_test.TestCreditsGuard" name="test_insufficient_credits_returns_402" time="0.002"><skipped type="pytest.skip" message="Skipping actual credit drain to avoid excessive LLM cost; guard verified via code review">/app/backend/tests/ai_platform_test.py:267: Skipping actual credit drain to avoid excessive LLM cost; guard verified via code review</skipped></testcase></testsuite></testsuites>