<?xml version="1.0" encoding="utf-8"?><testsuites name="pytest tests"><testsuite name="pytest" errors="0" failures="1" skipped="0" tests="5" time="164.956" timestamp="2026-08-05T21:37:17.641925+00:00" hostname="agent-env-95dfb424-a1de-4c07-8d94-3d97c7fac89a"><testcase classname="tests.test_streaming_uploads" name="test_stream_plain_chat_deltas_incremental" time="4.827"><failure message="AssertionError: deltas arrived as one blob (span=0.119s)&#10;assert 0.1186685562133789 &gt; 0.15">tests/test_streaming_uploads.py:110: in test_stream_plain_chat_deltas_incremental
    assert span &gt; 0.15, f"deltas arrived as one blob (span={span:.3f}s)"
E   AssertionError: deltas arrived as one blob (span=0.119s)
E   assert 0.1186685562133789 &gt; 0.15</failure></testcase><testcase classname="tests.test_streaming_uploads" name="test_upload_png_and_serve" time="0.847" /><testcase classname="tests.test_streaming_uploads" name="test_vision_describe_image_via_stream" time="5.712" /><testcase classname="tests.test_streaming_uploads" name="test_image_edit_via_stream" time="9.598" /><testcase classname="tests.test_streaming_uploads" name="test_webapp_build_then_edit" time="143.631" /></testsuite></testsuites>